0 info it worked if it ends with ok
1 verbose cli [ '/usr/bin/node', '/usr/bin/npm', 'info', '--json', 'vtop' ]
2 info using npm@3.5.2
3 info using node@v8.10.0
4 silly mapToRegistry name vtop
5 silly mapToRegistry using default registry
6 silly mapToRegistry registry https://registry.npmjs.org/
7 silly mapToRegistry uri https://registry.npmjs.org/vtop
8 verbose request uri https://registry.npmjs.org/vtop
9 verbose request no auth needed
10 info attempt registry request try #1 at 11:43:58 AM
11 verbose request id c0f2cc28379e1900
12 verbose etag W/"597c64445b6aa03e059d5c849e15d64b"
13 verbose lastModified Fri, 22 Mar 2019 09:19:17 GMT
14 http request GET https://registry.npmjs.org/vtop
15 http 304 https://registry.npmjs.org/vtop
16 verbose headers { date: 'Sun, 18 Aug 2019 10:43:59 GMT',
16 verbose headers   connection: 'keep-alive',
16 verbose headers   'set-cookie':
16 verbose headers    [ '__cfduid=d4a21a67e1a23ad1009967fbcb5a72d3b1566125038; expires=Mon, 17-Aug-20 10:43:58 GMT; path=/; domain=.npmjs.org; HttpOnly' ],
16 verbose headers   'cf-cache-status': 'REVALIDATED',
16 verbose headers   'cache-control': 'max-age=300',
16 verbose headers   'cf-ray': '50834a3349addc03-LHR',
16 verbose headers   etag: '"597c64445b6aa03e059d5c849e15d64b"',
16 verbose headers   'expect-ct': 'max-age=604800, report-uri="https://report-uri.cloudflare.com/cdn-cgi/beacon/expect-ct"',
16 verbose headers   'last-modified': 'Fri, 22 Mar 2019 09:19:17 GMT',
16 verbose headers   vary: 'accept-encoding, accept',
16 verbose headers   'x-amz-meta-rev': '134-54e787a72e524ef4379a4b04c7528497',
16 verbose headers   server: 'cloudflare' }
17 silly get cb [ 304,
17 silly get   { date: 'Sun, 18 Aug 2019 10:43:59 GMT',
17 silly get     connection: 'keep-alive',
17 silly get     'set-cookie':
17 silly get      [ '__cfduid=d4a21a67e1a23ad1009967fbcb5a72d3b1566125038; expires=Mon, 17-Aug-20 10:43:58 GMT; path=/; domain=.npmjs.org; HttpOnly' ],
17 silly get     'cf-cache-status': 'REVALIDATED',
17 silly get     'cache-control': 'max-age=300',
17 silly get     'cf-ray': '50834a3349addc03-LHR',
17 silly get     etag: '"597c64445b6aa03e059d5c849e15d64b"',
17 silly get     'expect-ct': 'max-age=604800, report-uri="https://report-uri.cloudflare.com/cdn-cgi/beacon/expect-ct"',
17 silly get     'last-modified': 'Fri, 22 Mar 2019 09:19:17 GMT',
17 silly get     vary: 'accept-encoding, accept',
17 silly get     'x-amz-meta-rev': '134-54e787a72e524ef4379a4b04c7528497',
17 silly get     server: 'cloudflare' } ]
18 verbose etag https://registry.npmjs.org/vtop from cache
19 verbose get saving vtop to /home/leidem/.npm/registry.npmjs.org/vtop/.cache.json
20 silly cleanup { '0.6.1':
20 silly cleanup    { _id: 'vtop@0.6.1',
20 silly cleanup      _rev: '133-91f9d7752d5870a3660fb2e40a05f503',
20 silly cleanup      name: 'vtop',
20 silly cleanup      description: 'Wow such top. So stats',
20 silly cleanup      'dist-tags': { latest: '0.6.1' },
20 silly cleanup      versions:
20 silly cleanup       [ '0.0.3',
20 silly cleanup         '0.1.0',
20 silly cleanup         '0.1.1',
20 silly cleanup         '0.1.2',
20 silly cleanup         '0.1.3',
20 silly cleanup         '0.1.4',
20 silly cleanup         '0.1.6',
20 silly cleanup         '0.1.7',
20 silly cleanup         '0.1.8',
20 silly cleanup         '0.2.0',
20 silly cleanup         '0.2.1',
20 silly cleanup         '0.2.2',
20 silly cleanup         '0.2.3',
20 silly cleanup         '0.2.4',
20 silly cleanup         '0.2.5',
20 silly cleanup         '0.2.6',
20 silly cleanup         '0.2.7',
20 silly cleanup         '0.2.8',
20 silly cleanup         '0.3.1',
20 silly cleanup         '0.3.2',
20 silly cleanup         '0.3.3',
20 silly cleanup         '0.4.0',
20 silly cleanup         '0.4.1',
20 silly cleanup         '0.4.2',
20 silly cleanup         '0.4.3',
20 silly cleanup         '0.4.4',
20 silly cleanup         '0.4.5',
20 silly cleanup         '0.4.6',
20 silly cleanup         '0.4.7',
20 silly cleanup         '0.4.8',
20 silly cleanup         '0.4.9',
20 silly cleanup         '0.4.10',
20 silly cleanup         '0.4.11',
20 silly cleanup         '0.4.12',
20 silly cleanup         '0.4.13',
20 silly cleanup         '0.4.14',
20 silly cleanup         '0.4.15',
20 silly cleanup         '0.4.16',
20 silly cleanup         '0.4.17',
20 silly cleanup         '0.5.0',
20 silly cleanup         '0.5.1',
20 silly cleanup         '0.5.2',
20 silly cleanup         '0.5.3',
20 silly cleanup         '0.5.4',
20 silly cleanup         '0.5.5',
20 silly cleanup         '0.5.6',
20 silly cleanup         '0.5.7',
20 silly cleanup         '0.6.0',
20 silly cleanup         '0.6.1' ],
20 silly cleanup      maintainers: [ [Object] ],
20 silly cleanup      time:
20 silly cleanup       { modified: '2019-03-22T09:19:16.243Z',
20 silly cleanup         created: '2014-06-08T16:51:32.722Z',
20 silly cleanup         '0.0.3': '2014-06-08T16:51:32.722Z',
20 silly cleanup         '0.1.0': '2014-06-08T16:53:36.200Z',
20 silly cleanup         '0.1.1': '2014-06-08T17:00:22.382Z',
20 silly cleanup         '0.1.2': '2014-06-08T21:38:45.269Z',
20 silly cleanup         '0.1.3': '2014-06-08T23:04:42.458Z',
20 silly cleanup         '0.1.4': '2014-06-08T23:08:41.868Z',
20 silly cleanup         '0.1.6': '2014-06-09T11:17:23.879Z',
20 silly cleanup         '0.1.7': '2014-06-10T11:32:00.382Z',
20 silly cleanup         '0.1.8': '2014-06-10T15:15:50.480Z',
20 silly cleanup         '0.2.0': '2014-06-11T13:06:42.229Z',
20 silly cleanup         '0.2.1': '2014-06-11T13:07:50.812Z',
20 silly cleanup         '0.2.2': '2014-06-11T14:03:21.174Z',
20 silly cleanup         '0.2.3': '2014-06-11T14:53:49.046Z',
20 silly cleanup         '0.2.4': '2014-06-11T15:44:14.520Z',
20 silly cleanup         '0.2.5': '2014-06-11T21:31:45.951Z',
20 silly cleanup         '0.2.6': '2014-06-11T22:23:18.527Z',
20 silly cleanup         '0.2.7': '2014-06-12T11:13:37.992Z',
20 silly cleanup         '0.2.8': '2014-06-12T14:50:25.704Z',
20 silly cleanup         '0.3.1': '2014-06-13T09:20:31.429Z',
20 silly cleanup         '0.3.2': '2014-06-13T09:32:11.737Z',
20 silly cleanup         '0.3.3': '2014-06-13T09:42:12.251Z',
20 silly cleanup         '0.4.0': '2014-06-13T10:18:54.429Z',
20 silly cleanup         '0.4.1': '2014-06-13T11:55:35.447Z',
20 silly cleanup         '0.4.2': '2014-06-13T12:09:54.055Z',
20 silly cleanup         '0.4.3': '2014-06-13T12:12:17.890Z',
20 silly cleanup         '0.4.4': '2014-06-13T14:18:36.151Z',
20 silly cleanup         '0.4.5': '2014-06-13T21:00:42.960Z',
20 silly cleanup         '0.4.6': '2014-06-13T23:01:45.576Z',
20 silly cleanup         '0.4.7': '2014-06-13T23:11:13.013Z',
20 silly cleanup         '0.4.8': '2014-06-13T23:26:46.828Z',
20 silly cleanup         '0.4.9': '2014-06-14T00:08:54.420Z',
20 silly cleanup         '0.4.10': '2014-06-14T11:12:16.839Z',
20 silly cleanup         '0.4.11': '2014-06-15T21:43:51.690Z',
20 silly cleanup         '0.4.12': '2014-06-16T11:41:52.565Z',
20 silly cleanup         '0.4.13': '2014-06-17T21:04:29.159Z',
20 silly cleanup         '0.4.14': '2014-06-24T15:15:38.000Z',
20 silly cleanup         '0.4.15': '2014-06-26T14:14:59.869Z',
20 silly cleanup         '0.4.16': '2014-06-26T22:04:14.953Z',
20 silly cleanup         '0.4.17': '2014-06-27T00:44:05.550Z',
20 silly cleanup         '0.5.0': '2014-06-27T21:31:53.430Z',
20 silly cleanup         '0.5.1': '2014-06-27T22:19:33.308Z',
20 silly cleanup         '0.5.2': '2014-06-27T22:24:45.174Z',
20 silly cleanup         '0.5.3': '2014-07-18T09:56:24.689Z',
20 silly cleanup         '0.5.4': '2014-07-18T11:03:20.143Z',
20 silly cleanup         '0.5.5': '2014-07-22T14:44:16.980Z',
20 silly cleanup         '0.5.6': '2016-10-16T19:29:19.222Z',
20 silly cleanup         '0.5.7': '2016-10-16T19:50:10.869Z',
20 silly cleanup         '0.6.0': '2018-06-23T16:51:40.920Z',
20 silly cleanup         '0.6.1': '2018-09-06T09:53:27.992Z' },
20 silly cleanup      homepage: 'http://parall.ax/vtop',
20 silly cleanup      repository: { type: 'git', url: 'git+ssh://git@github.com/MrRio/vtop.git' },
20 silly cleanup      author: { name: 'James Hall', email: 'james@parall.ax' },
20 silly cleanup      bugs: { url: 'https://github.com/MrRio/vtop/issues' },
20 silly cleanup      license: 'MIT',
20 silly cleanup      readmeFilename: 'README.md',
20 silly cleanup      users:
20 silly cleanup       { kikobeats: true,
20 silly cleanup         davidchase: true,
20 silly cleanup         'dr-benton': true,
20 silly cleanup         jklassen: true,
20 silly cleanup         ericwbailey: true,
20 silly cleanup         davidchubbs: true,
20 silly cleanup         efreak: true,
20 silly cleanup         nelix: true,
20 silly cleanup         'dr.dimitru': true,
20 silly cleanup         bplabombarda: true,
20 silly cleanup         mrjameshall: true,
20 silly cleanup         diegorbaquero: true,
20 silly cleanup         mkstix6: true,
20 silly cleanup         rocket0191: true,
20 silly cleanup         itonyyo: true,
20 silly cleanup         xyyjk: true,
20 silly cleanup         cbetancourt: true,
20 silly cleanup         panlw: true,
20 silly cleanup         prasanthv: true,
20 silly cleanup         frederik_bosch: true,
20 silly cleanup         'jim-lim': true,
20 silly cleanup         faraoman: true,
20 silly cleanup         cschmitz81: true,
20 silly cleanup         faeliaso: true,
20 silly cleanup         fabrianibrahim: true,
20 silly cleanup         edm00se: true,
20 silly cleanup         iuykza: true,
20 silly cleanup         majkel: true,
20 silly cleanup         'thomas.miele': true,
20 silly cleanup         jpsirois: true,
20 silly cleanup         yuch4n: true },
20 silly cleanup      version: '0.6.1',
20 silly cleanup      main: 'app.js',
20 silly cleanup      preferGlobal: true,
20 silly cleanup      engines: { node: '>= 4' },
20 silly cleanup      scripts: { test: 'make test', precommit: 'standard' },
20 silly cleanup      standard: { ignore: [Array] },
20 silly cleanup      bin: { vtop: './bin/vtop.js' },
20 silly cleanup      dependencies:
20 silly cleanup       { blessed: '0.1.81',
20 silly cleanup         commander: '2.11.0',
20 silly cleanup         drawille: '1.1.0',
20 silly cleanup         glob: '7.1.2',
20 silly cleanup         husky: '^0.14.3',
20 silly cleanup         'os-utils': '0.0.14',
20 silly cleanup         read: '1.0.7',
20 silly cleanup         sudo: '1.0.3',
20 silly cleanup         'use-strict': '^1.0.1' },
20 silly cleanup      gitHead: 'e39e183e232e2b9eadae2198948d1f87aa277921',
20 silly cleanup      _npmVersion: '5.3.0',
20 silly cleanup      _nodeVersion: '8.2.1',
20 silly cleanup      _npmUser: { name: 'mrjameshall', email: 'james@parall.ax' },
20 silly cleanup      dist:
20 silly cleanup       { integrity: 'sha512-Iww0fvGKwkQWalUzfA7NzoYEyTBw5w/G/L3lJYoOwdhp1X0ra8p8Y0HzZiNtOMWSGLV/6nWvMHtdo8FPS5dRhw==',
20 silly cleanup         shasum: 'ee1098505f3300e762a7e663455c6fa68be07fbf',
20 silly cleanup         tarball: 'https://registry.npmjs.org/vtop/-/vtop-0.6.1.tgz',
20 silly cleanup         fileCount: 36,
20 silly cleanup         unpackedSize: 3019517,
20 silly cleanup         'npm-signature': '-----BEGIN PGP SIGNATURE-----\r\nVersion: OpenPGP.js v3.0.4\r\nComment: https://openpgpjs.org\r\n\r\nwsFcBAEBCAAQBQJbkPkYCRA9TVsSAnZWagAAlrUP/jCEdJWuSJubK9qEg615\nB1al+RB4RkeLLTLDd5lIG07672HaNAAH2/U0jAslUA5PUy9r4tEvWsP5v5YT\nRVkr9q2ksFhXUdZYDI5ntqusWMdS231fOXrmc7vqsYs+ZIXMKMJ2hlJak7Qi\nG7M/wk92+m4nQj5cDnM3CSqcMMrjESPn9jLfkG1u8PZoj5wNuvMY1QynUpgV\ngu4rYSTyOt2UBb1/8+Lmamr5Mm8JYFbr2O+WEvH9cyY7uwTpiGt122i5wyMC\nast6TMHeBqnjD1q+KjERmAw3kaaHSqlkFPn+mOlfRg0/QzmhfgUOaZpNuNlz\nqFhZHLThJHKhWEp9guDDnfV5S/pbHzxhDmLr/fW4cO660+r8tP/Fhko1zTmd\naAn7BlaSE85A8CPZEAzl46ly3zJ+ZkWE+TyHjUSgzYKo3/EUU28J2C0CllWC\nMZzam9qCbZARh0zlOD3gOzbSFwtW3LaUhK02EQLCNQyRL3VE258S8NNzrDre\nw+/ewkiHd8Ulflq9fdVAlAAgU5li8XJdwzTQBIzuiy8AH4gIx8gxcCJC6nsk\nvbc55Qap6IbwKPuWw6bXYySe2roo5ab8DwJvnZHxUhFcNORnWqUskUwML2Kf\nYdkJzPA3Z0QzAokOiuNZR0EQYwIApFmDg0/vJXxJ799FXh0hcu0Rb3CEhA5+\nWe9P\r\n=oBWL\r\n-----END PGP SIGNATURE-----\r\n' },
20 silly cleanup      directories: {},
20 silly cleanup      _npmOperationalInternal:
20 silly cleanup       { host: 's3://npm-registry-packages',
20 silly cleanup         tmp: 'tmp/vtop_0.6.1_1536227607705_0.2752561057279861' },
20 silly cleanup      _hasShrinkwrap: false } }
21 verbose exit [ 0, true ]
22 verbose stack Error: write EPIPE
22 verbose stack     at _errnoException (util.js:1022:11)
22 verbose stack     at WriteWrap.afterWrite [as oncomplete] (net.js:880:14)
23 verbose cwd /home/leidem/gitsky/genalg
24 error Linux 4.15.0-55-generic
25 error argv "/usr/bin/node" "/usr/bin/npm" "info" "--json" "vtop"
26 error node v8.10.0
27 error npm  v3.5.2
28 error code EPIPE
29 error errno EPIPE
30 error syscall write
31 error write EPIPE
32 error If you need help, you may report this error at:
32 error     <https://github.com/npm/npm/issues>
33 verbose exit [ 1, true ]
